
    This is Delaundo, version 5.4 of 02 April 1997,
       Welcome to DOMINO Software.

    The following parameters will be used:
       VERBOSe:
       3, User.
       INFILE:
       newnlr.pts 
       NODEUSe:
       F, User.
       NODECOnstr.:
       T, User.
       ANTICOnnect.:
       F, User.
       SPCRATio:
         0.50, User.
       DTOLERance:
       0.6000, User.
       QTOLERance:
       0.6500, User.
       STRETChing:
       T, User.
       DELTAStar:
       0.0500
       MAXASPect ratio:
         200.
       MVISROw:
        30000, Default.
       ISMOOTh:
         2 User
       FLATSWap:
       F, User.
       OUTFILe:
       NLR7301_KY.plt 
       OUTTYPe:
       p
       DOLOGFile:
       T, User.
       LOGFILe:
       NLR7301.log 
       ENDDAT: End of the list of control parameters.

    Reading boundary nodes from .pts file.
       Boundary  1 named  2 type  1 read with  878 vertices.
          Connected to boundary named  2 at X,Y =  0.10000000E+01  0.14942770E-01
          Connected to boundary named  2 at X,Y =  0.10000000E+01  0.14942770E-01
          Minimum coarsegrid resolution:  4 vertices.
       Boundary  2 named  3 type  1 read with  295 vertices.
          Connected to boundary named  3 at X,Y =  0.12733930E+01 -0.11047450E+00
          Connected to boundary named  3 at X,Y =  0.12733930E+01 -0.11047450E+00
          Minimum coarsegrid resolution:  4 vertices.
       Boundary  3 named  4 type  3 read with  261 vertices.
          Connected to boundary named  4 at X,Y =  0.22058360E+01  0.20000000E+01
          Connected to boundary named  4 at X,Y =  0.25000000E+01  0.20042780E+01
       Boundary  4 named  1 type  2 read with  126 vertices.
          Connected to boundary named  1 at X,Y =  0.10500000E+02  0.00000000E+00
          Connected to boundary named  1 at X,Y =  0.10500000E+02  0.00000000E+00

    Deriving the background mesh.
       Maximum frontal and non-frontal scales:  0.3999828E-02  0.5196041E+00
       Value for SpcPw:0.900
       The inner edge of the viscous cells:
           No.  wall dist.     cell thk.   loc. stretching
          1     0.00000000     0.00000000        200.000
          2     0.00002000     0.00002000        185.254
          3     0.00006159     0.00004159        171.596
          4     0.00012649     0.00006490        158.945
          5     0.00021655     0.00009006        147.226
          6     0.00033379     0.00011723        136.371
          7     0.00048035     0.00014656        126.317
          8     0.00065858     0.00017823        117.004
          9     0.00087099     0.00021241        108.377
         10     0.00112031     0.00024932        100.387
         11     0.00140948     0.00028916         92.985
         12     0.00174166     0.00033218         86.130
         13     0.00212027     0.00037862         79.780
         14     0.00254903     0.00042876         73.898
         15     0.00303191     0.00048288         68.449
         16     0.00357323     0.00054132         63.403
         17     0.00417763     0.00060440         58.728
         18     0.00485014     0.00067251         54.398
         19     0.00559618     0.00074604         50.388
         20     0.00642160     0.00082542         46.673
         21     0.00733272     0.00091112         43.232
         22     0.00833636     0.00100364         40.044
         23     0.00943989     0.00110353         37.092
         24     0.01065125     0.00121136         34.357
         25     0.01197904     0.00132778         31.824
         26     0.01343250     0.00145347         29.478
         27     0.01502166     0.00158916         27.304
         28     0.01675731     0.00173565         25.291
         29     0.01865111     0.00189380         23.427
         30     0.02071565     0.00206454         21.699
         31     0.02296452     0.00224887         20.100
         32     0.02541239     0.00244787         18.618
         33     0.02807510     0.00266271         17.245
         34     0.03096975     0.00289465         15.974
         35     0.03411480     0.00314506         14.796
         36     0.03753019     0.00341539         13.705
         37     0.04123744     0.00370724         12.695
         38     0.04525976     0.00402232         11.759
         39     0.04962225     0.00436249         10.892
         40     0.05435197     0.00472973         10.089
         41     0.05947817     0.00512619          9.345
         42     0.06503239     0.00555422          8.656
         43     0.07104870     0.00601632          8.018
         44     0.07756389     0.00651519          7.427
         45     0.08461767     0.00705378          6.879
         46     0.09225290     0.00763523          6.372
         47     0.10051587     0.00826297          5.902
         48     0.10945655     0.00894068          5.467
         49     0.11912887     0.00967232          5.064
         50     0.12959108     0.01046220          4.690
         51     0.14090604     0.01131496          4.345
         52     0.15314162     0.01223559          4.024
         53     0.16637112     0.01322950          3.728
         54     0.18067364     0.01430252          3.453
         55     0.19613460     0.01546095          3.198
         56     0.21284619     0.01671159          2.962
         57     0.23090796     0.01806177          2.744
         58     0.25042740     0.01951942          2.542
         59     0.27152050     0.02109310          2.354
         60     0.29431254     0.02279204          2.181
         61     0.31893873     0.02462621          2.020
         62     0.34554511     0.02660637          1.871
         63     0.37428924     0.02874414          1.733
         64     0.40534133     0.03105207          1.605
         65     0.43888503     0.03354371          1.487
         66     0.47511870     0.03623367          1.377
         67     0.51425642     0.03913774          1.276
         68     0.55652940     0.04227297          1.182
         69     0.60218716     0.04565775          1.095
          272 nodes, numbers   1560 through   1832
       in the background grid to form a stretching layer.
       Maximum(Average) Gradient in the background grid: 0.15451( 0.05607)
       in cell   1899.

    Creating stretched triangles for viscous layers.
          878 nodes around boundary named  2,row    1.
          295 nodes around boundary named  3,row    2.
          877 nodes around boundary named  2,row    3.
          294 nodes around boundary named  3,row    4.
          877 nodes around boundary named  2,row    5.
          294 nodes around boundary named  3,row    6.
          877 nodes around boundary named  2,row    7.
          294 nodes around boundary named  3,row    8.
          877 nodes around boundary named  2,row    9.
          294 nodes around boundary named  3,row   10.
          877 nodes around boundary named  2,row   11.
          294 nodes around boundary named  3,row   12.
          877 nodes around boundary named  2,row   13.
          294 nodes around boundary named  3,row   14.
          877 nodes around boundary named  2,row   15.
          294 nodes around boundary named  3,row   16.
          877 nodes around boundary named  2,row   17.
          294 nodes around boundary named  3,row   18.
          877 nodes around boundary named  2,row   19.
          294 nodes around boundary named  3,row   20.
          877 nodes around boundary named  2,row   21.
          294 nodes around boundary named  3,row   22.
          877 nodes around boundary named  2,row   23.
          294 nodes around boundary named  3,row   24.
          877 nodes around boundary named  2,row   25.
          294 nodes around boundary named  3,row   26.
          877 nodes around boundary named  2,row   27.
          294 nodes around boundary named  3,row   28.
          877 nodes around boundary named  2,row   29.
          294 nodes around boundary named  3,row   30.
          877 nodes around boundary named  2,row   31.
          294 nodes around boundary named  3,row   32.
          877 nodes around boundary named  2,row   33.
          294 nodes around boundary named  3,row   34.
          877 nodes around boundary named  2,row   35.
          294 nodes around boundary named  3,row   36.
          877 nodes around boundary named  2,row   37.
